# JRE version: OpenJDK Runtime Environment Temurin-17.0.6+10 (17.0.6+10) (build 17.0.6+10)
# Java VM: OpenJDK 64-Bit Server VM Temurin-17.0.6+10 (17.0.6+10, mixed mode, tiered, compressed oops, compressed class ptrs, g1 gc, windows-amd64)
GC Precious Log:
 CPUs: 6 total, 6 available
 Memory: 8001M
 Large Page Support: Disabled
 NUMA Support: Disabled
 Compressed Oops: Enabled (32-bit)
 Heap Region Size: 1M
 Heap Min Capacity: 8M
 Heap Initial Capacity: 126M
 Heap Max Capacity: 2002M
 Pre-touch: Disabled
 Parallel Workers: 6
 Concurrent Workers: 2
 Concurrent Refinement Workers: 6
 Periodic GC: Disabled
Heap:
 garbage-first heap   total 70656K, used 32587K [0x0000000082e00000, 0x0000000100000000)
  region size 1024K, 12 young (12288K), 4 survivors (4096K)
 Metaspace       used 68322K, committed 68800K, reserved 1114112K
  class space    used 9052K, committed 9280K, reserved 1048576K
GC Heap History (20 events):
Event: 1.426 GC heap before
{Heap before GC invocations=6 (full 0):
 garbage-first heap   total 37888K, used 26477K [0x0000000082e00000, 0x0000000100000000)
  region size 1024K, 16 young (16384K), 1 survivors (1024K)
 Metaspace       used 26493K, committed 26752K, reserved 1073152K
  class space    used 3138K, committed 3264K, reserved 1048576K
}
Event: 1.428 GC heap after
{Heap after GC invocations=7 (full 0):
 garbage-first heap   total 37888K, used 11626K [0x0000000082e00000, 0x0000000100000000)
  region size 1024K, 2 young (2048K), 2 survivors (2048K)
 Metaspace       used 26493K, committed 26752K, reserved 1073152K
  class space    used 3138K, committed 3264K, reserved 1048576K
}
Event: 1.687 GC heap before
{Heap before GC invocations=7 (full 0):
 garbage-first heap   total 37888K, used 26986K [0x0000000082e00000, 0x0000000100000000)
  region size 1024K, 17 young (17408K), 2 survivors (2048K)
 Metaspace       used 29386K, committed 29760K, reserved 1081344K
  class space    used 3564K, committed 3776K, reserved 1048576K
}
Event: 1.690 GC heap after
{Heap after GC invocations=8 (full 0):
 garbage-first heap   total 37888K, used 13334K [0x0000000082e00000, 0x0000000100000000)
  region size 1024K, 3 young (3072K), 3 survivors (3072K)
 Metaspace       used 29386K, committed 29760K, reserved 1081344K
  class space    used 3564K, committed 3776K, reserved 1048576K
}
Event: 1.980 GC heap before
{Heap before GC invocations=8 (full 0):
 garbage-first heap   total 37888K, used 27670K [0x0000000082e00000, 0x0000000100000000)
  region size 1024K, 17 young (17408K), 3 survivors (3072K)
 Metaspace       used 33105K, committed 33472K, reserved 1081344K
  class space    used 4021K, committed 4224K, reserved 1048576K
}
Event: 1.988 GC heap after
{Heap after GC invocations=9 (full 0):
 garbage-first heap   total 71680K, used 15144K [0x0000000082e00000, 0x0000000100000000)
  region size 1024K, 2 young (2048K), 2 survivors (2048K)
 Metaspace       used 33105K, committed 33472K, reserved 1081344K
  class space    used 4021K, committed 4224K, reserved 1048576K
}
Event: 2.181 GC heap before
{Heap before GC invocations=9 (full 0):
 garbage-first heap   total 71680K, used 26408K [0x0000000082e00000, 0x0000000100000000)
  region size 1024K, 14 young (14336K), 2 survivors (2048K)
 Metaspace       used 35579K, committed 35968K, reserved 1081344K
  class space    used 4322K, committed 4480K, reserved 1048576K
}
Event: 2.186 GC heap after
{Heap after GC invocations=10 (full 0):
 garbage-first heap   total 71680K, used 16179K [0x0000000082e00000, 0x0000000100000000)
  region size 1024K, 3 young (3072K), 3 survivors (3072K)
 Metaspace       used 35579K, committed 35968K, reserved 1081344K
  class space    used 4322K, committed 4480K, reserved 1048576K
}
Event: 2.722 GC heap before
{Heap before GC invocations=11 (full 0):
 garbage-first heap   total 58368K, used 47923K [0x0000000082e00000, 0x0000000100000000)
  region size 1024K, 34 young (34816K), 3 survivors (3072K)
 Metaspace       used 42926K, committed 43456K, reserved 1089536K
  class space    used 5243K, committed 5504K, reserved 1048576K
}
Event: 2.726 GC heap after
{Heap after GC invocations=12 (full 0):
 garbage-first heap   total 58368K, used 17929K [0x0000000082e00000, 0x0000000100000000)
  region size 1024K, 3 young (3072K), 3 survivors (3072K)
 Metaspace       used 42926K, committed 43456K, reserved 1089536K
  class space    used 5243K, committed 5504K, reserved 1048576K
}
Event: 3.136 GC heap before
{Heap before GC invocations=12 (full 0):
 garbage-first heap   total 58368K, used 44553K [0x0000000082e00000, 0x0000000100000000)
  region size 1024K, 29 young (29696K), 3 survivors (3072K)
 Metaspace       used 49397K, committed 49856K, reserved 1097728K
  class space    used 6253K, committed 6464K, reserved 1048576K
}
Event: 3.138 GC heap after
{Heap after GC invocations=13 (full 0):
 garbage-first heap   total 58368K, used 19414K [0x0000000082e00000, 0x0000000100000000)
  region size 1024K, 4 young (4096K), 4 survivors (4096K)
 Metaspace       used 49397K, committed 49856K, reserved 1097728K
  class space    used 6253K, committed 6464K, reserved 1048576K
}
Event: 3.533 GC heap before
{Heap before GC invocations=13 (full 0):
 garbage-first heap   total 58368K, used 42966K [0x0000000082e00000, 0x0000000100000000)
  region size 1024K, 28 young (28672K), 4 survivors (4096K)
 Metaspace       used 56158K, committed 56640K, reserved 1097728K
  class space    used 7349K, committed 7552K, reserved 1048576K
}
Event: 3.537 GC heap after
{Heap after GC invocations=14 (full 0):
 garbage-first heap   total 58368K, used 20606K [0x0000000082e00000, 0x0000000100000000)
  region size 1024K, 3 young (3072K), 3 survivors (3072K)
 Metaspace       used 56158K, committed 56640K, reserved 1097728K
  class space    used 7349K, committed 7552K, reserved 1048576K
}
Event: 3.810 GC heap before
{Heap before GC invocations=14 (full 0):
 garbage-first heap   total 58368K, used 38014K [0x0000000082e00000, 0x0000000100000000)
  region size 1024K, 22 young (22528K), 3 survivors (3072K)
 Metaspace       used 60033K, committed 60416K, reserved 1105920K
  class space    used 7873K, committed 8064K, reserved 1048576K
}
Event: 3.813 GC heap after
{Heap after GC invocations=15 (full 0):
 garbage-first heap   total 58368K, used 21754K [0x0000000082e00000, 0x0000000100000000)
  region size 1024K, 3 young (3072K), 3 survivors (3072K)
 Metaspace       used 60033K, committed 60416K, reserved 1105920K
  class space    used 7873K, committed 8064K, reserved 1048576K
}
Event: 4.116 GC heap before
{Heap before GC invocations=16 (full 0):
 garbage-first heap   total 58368K, used 45306K [0x0000000082e00000, 0x0000000100000000)
  region size 1024K, 26 young (26624K), 3 survivors (3072K)
 Metaspace       used 62598K, committed 63040K, reserved 1105920K
  class space    used 8308K, committed 8512K, reserved 1048576K
}
Event: 4.120 GC heap after
{Heap after GC invocations=17 (full 0):
 garbage-first heap   total 58368K, used 23747K [0x0000000082e00000, 0x0000000100000000)
  region size 1024K, 4 young (4096K), 4 survivors (4096K)
 Metaspace       used 62598K, committed 63040K, reserved 1105920K
  class space    used 8308K, committed 8512K, reserved 1048576K
}
Event: 6.805 GC heap before
{Heap before GC invocations=17 (full 0):
 garbage-first heap   total 58368K, used 45251K [0x0000000082e00000, 0x0000000100000000)
  region size 1024K, 25 young (25600K), 4 survivors (4096K)
 Metaspace       used 66461K, committed 66880K, reserved 1114112K
  class space    used 8829K, committed 9024K, reserved 1048576K
}
Event: 6.809 GC heap after
{Heap after GC invocations=18 (full 0):
 garbage-first heap   total 70656K, used 26443K [0x0000000082e00000, 0x0000000100000000)
  region size 1024K, 4 young (4096K), 4 survivors (4096K)
 Metaspace       used 66461K, committed 66880K, reserved 1114112K
  class space    used 8829K, committed 9024K, reserved 1048576K
}

